<?xml version="1.0" encoding="UTF-8"?>
<!-- Generated by org.testng.reporters.JUnitReportReporter -->
<testsuite hostname="DESKTOP-GN69LFU" failures="0" tests="6" name="com.demoacti.tests.LoginPagetests" time="89.181" errors="0" timestamp="7 Jul 2022 21:35:23 GMT">
  <testcase classname="com.demoacti.tests.LoginPagetests" name="testUserName" time="10.827"/>
  <testcase classname="com.demoacti.tests.LoginPagetests" name="testForgotPasswordLink" time="18.388"/>
  <testcase classname="com.demoacti.tests.LoginPagetests" name="testpagetitle" time="10.983"/>
  <testcase classname="com.demoacti.tests.LoginPagetests" name="testEnterUsername" time="14.431"/>
  <testcase classname="com.demoacti.tests.LoginPagetests" name="testLoginFunction" time="19.525"/>
  <testcase classname="com.demoacti.tests.LoginPagetests" name="testLogoimageisDisplayed" time="15.027"/>
</testsuite> <!-- com.demoacti.tests.LoginPagetests -->
