<?xml version="1.0" encoding="UTF-8"?>
<!-- Generated by org.testng.reporters.JUnitReportReporter -->
<testsuite hostname="DESKTOP-GN69LFU" failures="0" tests="1" name="com.demoacti.base1.DriverScripts" time="12.671" errors="0" timestamp="6 Jul 2022 19:45:49 GMT">
  <testcase classname="com.demoacti.base1.DriverScripts" name="inapptest" time="12.671"/>
</testsuite> <!-- com.demoacti.base1.DriverScripts -->
