<?xml version="1.0" encoding="UTF-8"?>
<!-- Generated by org.testng.reporters.JUnitReportReporter -->
<testsuite hostname="DESKTOP-GN69LFU" failures="0" tests="1" name="com.demoacti.tests.TaskListPageTest" time="14.811" errors="0" timestamp="8 Jul 2022 20:28:43 GMT">
  <testcase classname="com.demoacti.tests.TaskListPageTest" name="testloginfunction" time="14.811"/>
</testsuite> <!-- com.demoacti.tests.TaskListPageTest -->
